INFO:root:Включение программы
INFO:root:Пользователь ввел 7
INFO:root:Программа вывела 3
INFO:root:Программа вывела 6
INFO:root:Программа вывела 5
INFO:root:Программа вывела 7
INFO:root:Программа вывела 2
INFO:root:Программа вывела 4
INFO:root:Программа вывела 1
INFO:root:Конец программы
INFO:root:Включение программы
ERROR:root:Неправильное число
INFO:root:Включение программы
INFO:root:Пользователь ввел 13
INFO:root:Программа вывела 5
INFO:root:Программа вывела 10
INFO:root:Программа вывела 4
INFO:root:Программа вывела 1
INFO:root:Программа вывела 8
INFO:root:Программа вывела 2
INFO:root:Программа вывела 3
INFO:root:Программа вывела 12
INFO:root:Программа вывела 11
INFO:root:Программа вывела 9
INFO:root:Программа вывела 13
INFO:root:Программа вывела 6
INFO:root:Конец программы
INFO:root:Включение программы
ERROR:root:Неправильное число
INFO:root:Включение программы
INFO:root:Пользователь ввел -7
ERROR:root:Неправильное число
INFO:root:Включение программы
INFO:root:Пользователь ввел 23
INFO:root:Программа вывела 1
INFO:root:Программа вывела 6
INFO:root:Программа вывела 10
INFO:root:Программа вывела 21
INFO:root:Программа вывела 5
INFO:root:Программа вывела 23
INFO:root:Программа вывела 12
INFO:root:Программа вывела 3
INFO:root:Программа вывела 18
INFO:root:Программа вывела 9
INFO:root:Программа вывела 2
INFO:root:Программа вывела 20
INFO:root:Программа вывела 8
INFO:root:Программа вывела 22
INFO:root:Программа вывела 4
INFO:root:Программа вывела 15
INFO:root:Программа вывела 19
INFO:root:Программа вывела 14
INFO:root:Программа вывела 11
INFO:root:Программа вывела 16
INFO:root:Программа вывела 17
INFO:root:Конец программы
INFO:root:Включение программы
INFO:root:Пользователь ввел 25
INFO:root:Программа вывела 21
INFO:root:Программа вывела 8
INFO:root:Программа вывела 14
INFO:root:Программа вывела 2
INFO:root:Программа вывела 1
INFO:root:Программа вывела 16
INFO:root:Программа вывела 9
INFO:root:Программа вывела 5
INFO:root:Программа вывела 19
INFO:root:Программа вывела 20
INFO:root:Программа вывела 18
INFO:root:Программа вывела 15
INFO:root:Программа вывела 4
INFO:root:Программа вывела 6
INFO:root:Программа вывела 17
INFO:root:Программа вывела 10
INFO:root:Программа вывела 24
INFO:root:Программа вывела 11
INFO:root:Программа вывела 22
INFO:root:Программа вывела 12
INFO:root:Программа вывела 25
INFO:root:Программа вывела 3
INFO:root:Конец программы
INFO:root:Включение программы
